TRACE: 2021/06/24 17:38:33 sessionanduser.go:155: Server started
TRACE: 2021/06/24 17:38:33 sessionanduser.go:155: Successfully loaded key from file
TRACE: 2021/06/24 17:51:34 sessionanduser.go:155: Server started
TRACE: 2021/06/24 17:51:34 sessionanduser.go:155: Successfully loaded key from file
TRACE: 2021/06/24 17:55:34 sessionanduser.go:155: Server started
TRACE: 2021/06/24 17:55:34 sessionanduser.go:155: Successfully loaded key from file
TRACE: 2021/06/24 18:03:07 sessionanduser.go:155: Server started
TRACE: 2021/06/24 18:03:07 sessionanduser.go:155: Successfully loaded key from file
TRACE: 2021/06/24 18:04:48 sessionanduser.go:155: Server started
TRACE: 2021/06/24 18:04:48 sessionanduser.go:155: Successfully loaded key from file
TRACE: 2021/06/24 18:06:16 sessionanduser.go:155: Server started
TRACE: 2021/06/24 18:06:16 sessionanduser.go:155: Successfully loaded key from file
TRACE: 2021/06/24 18:20:12 sessionanduser.go:155: Server started
TRACE: 2021/06/24 18:20:12 sessionanduser.go:155: Successfully loaded key from file
TRACE: 2021/06/24 18:21:15 sessionanduser.go:155: Server started
TRACE: 2021/06/24 18:21:15 sessionanduser.go:155: Successfully loaded key from file
TRACE: 2021/06/24 18:23:44 sessionanduser.go:155: Server started
TRACE: 2021/06/24 18:23:44 sessionanduser.go:155: Successfully loaded key from file
TRACE: 2021/06/24 18:29:02 sessionanduser.go:155: Server started
TRACE: 2021/06/24 18:29:02 sessionanduser.go:155: Successfully loaded key from file
TRACE: 2021/06/24 18:33:36 sessionanduser.go:155: Server started
TRACE: 2021/06/24 18:33:36 sessionanduser.go:155: Successfully loaded key from file
TRACE: 2021/06/24 18:34:31 sessionanduser.go:155: Server started
TRACE: 2021/06/24 18:34:31 sessionanduser.go:155: Successfully loaded key from file
TRACE: 2021/06/24 18:37:51 sessionanduser.go:155: Server started
TRACE: 2021/06/24 18:37:51 sessionanduser.go:155: Successfully loaded key from file
TRACE: 2021/06/24 18:39:19 sessionanduser.go:155: Server started
TRACE: 2021/06/24 18:39:19 sessionanduser.go:155: Successfully loaded key from file
TRACE: 2021/06/24 18:40:49 sessionanduser.go:155: Server started
TRACE: 2021/06/24 18:40:49 sessionanduser.go:155: Successfully loaded key from file
TRACE: 2021/06/24 18:41:47 sessionanduser.go:155: Server started
TRACE: 2021/06/24 18:41:47 sessionanduser.go:155: Successfully loaded key from file
TRACE: 2021/06/24 18:42:46 sessionanduser.go:155: Server started
TRACE: 2021/06/24 18:42:46 sessionanduser.go:155: Successfully loaded key from file
TRACE: 2021/06/24 18:54:40 sessionanduser.go:155: Server started
TRACE: 2021/06/24 18:54:40 sessionanduser.go:155: Successfully loaded key from file
TRACE: 2021/06/24 18:59:19 sessionanduser.go:155: Server started
TRACE: 2021/06/24 18:59:19 sessionanduser.go:155: Successfully loaded key from file
TRACE: 2021/06/24 19:49:49 sessionanduser.go:155: Server started
TRACE: 2021/06/24 19:49:49 sessionanduser.go:155: Successfully loaded key from file
TRACE: 2021/06/24 19:51:35 sessionanduser.go:155: Server started
TRACE: 2021/06/24 19:51:35 sessionanduser.go:155: Successfully loaded key from file
TRACE: 2021/06/24 19:58:03 sessionanduser.go:155: Server started
TRACE: 2021/06/24 19:58:03 sessionanduser.go:155: Successfully loaded key from file
TRACE: 2021/06/24 19:58:50 sessionanduser.go:155: Server started
TRACE: 2021/06/24 19:58:50 sessionanduser.go:155: Successfully loaded key from file
TRACE: 2021/06/24 19:59:56 sessionanduser.go:155: Server started
TRACE: 2021/06/24 19:59:56 sessionanduser.go:155: Successfully loaded key from file
TRACE: 2021/06/24 20:03:27 sessionanduser.go:155: Server started
TRACE: 2021/06/24 20:03:27 sessionanduser.go:155: Successfully loaded key from file
TRACE: 2021/06/24 20:09:25 sessionanduser.go:155: Server started
TRACE: 2021/06/24 20:09:25 sessionanduser.go:155: Successfully loaded key from file
TRACE: 2021/06/24 20:14:54 sessionanduser.go:155: Server started
TRACE: 2021/06/24 20:14:54 sessionanduser.go:155: Successfully loaded key from file
TRACE: 2021/06/24 20:17:16 sessionanduser.go:155: Server started
TRACE: 2021/06/24 20:17:17 sessionanduser.go:155: Successfully loaded key from file
TRACE: 2021/06/24 20:18:16 sessionanduser.go:155: Server started
TRACE: 2021/06/24 20:18:16 sessionanduser.go:155: Successfully loaded key from file
TRACE: 2021/06/24 20:18:55 sessionanduser.go:155: Server started
TRACE: 2021/06/24 20:18:55 sessionanduser.go:155: Successfully loaded key from file
TRACE: 2021/06/24 20:19:35 sessionanduser.go:155: Server started
TRACE: 2021/06/24 20:19:35 sessionanduser.go:155: Successfully loaded key from file
TRACE: 2021/06/24 20:21:47 sessionanduser.go:155: Server started
TRACE: 2021/06/24 20:21:47 sessionanduser.go:155: Successfully loaded key from file
TRACE: 2021/06/24 20:23:00 sessionanduser.go:155: Server started
TRACE: 2021/06/24 20:23:00 sessionanduser.go:155: Successfully loaded key from file
TRACE: 2021/06/24 20:23:32 sessionanduser.go:155: Server started
TRACE: 2021/06/24 20:23:32 sessionanduser.go:155: Successfully loaded key from file
TRACE: 2021/06/24 20:26:00 sessionanduser.go:155: Server started
TRACE: 2021/06/24 20:26:00 sessionanduser.go:155: Successfully loaded key from file
TRACE: 2021/06/24 20:27:26 sessionanduser.go:155: Server started
TRACE: 2021/06/24 20:27:26 sessionanduser.go:155: Successfully loaded key from file
TRACE: 2021/06/24 20:29:41 sessionanduser.go:155: Server started
TRACE: 2021/06/24 20:29:41 sessionanduser.go:155: Successfully loaded key from file
TRACE: 2021/06/24 20:30:25 sessionanduser.go:155: Server started
TRACE: 2021/06/24 20:30:25 sessionanduser.go:155: Successfully loaded key from file
TRACE: 2021/06/24 20:31:54 sessionanduser.go:155: Server started
TRACE: 2021/06/24 20:31:54 sessionanduser.go:155: Successfully loaded key from file
TRACE: 2021/06/24 20:33:18 sessionanduser.go:155: Server started
TRACE: 2021/06/24 20:33:18 sessionanduser.go:155: Successfully loaded key from file
TRACE: 2021/06/24 20:37:50 sessionanduser.go:155: Server started
TRACE: 2021/06/24 20:37:50 sessionanduser.go:155: Successfully loaded key from file
TRACE: 2021/06/25 11:22:47 sessionanduser.go:155: Server started
TRACE: 2021/06/25 11:22:48 sessionanduser.go:155: Successfully loaded key from file
TRACE: 2021/06/25 11:24:35 sessionanduser.go:155: Server started
TRACE: 2021/06/25 11:24:35 sessionanduser.go:155: Successfully loaded key from file
TRACE: 2021/06/25 11:26:02 sessionanduser.go:155: Server started
TRACE: 2021/06/25 11:26:02 sessionanduser.go:155: Successfully loaded key from file
TRACE: 2021/06/25 11:30:47 sessionanduser.go:155: Server started
TRACE: 2021/06/25 11:30:47 sessionanduser.go:155: Successfully loaded key from file
TRACE: 2021/06/25 11:34:25 sessionanduser.go:155: Server started
TRACE: 2021/06/25 11:34:25 sessionanduser.go:155: Successfully loaded key from file
TRACE: 2021/06/25 11:50:51 sessionanduser.go:155: Server started
TRACE: 2021/06/25 11:50:51 sessionanduser.go:155: Successfully loaded key from file
TRACE: 2021/06/25 11:54:14 sessionanduser.go:155: Server started
TRACE: 2021/06/25 11:54:14 sessionanduser.go:155: Successfully loaded key from file
TRACE: 2021/06/25 11:55:54 sessionanduser.go:155: Server started
TRACE: 2021/06/25 11:55:54 sessionanduser.go:155: Successfully loaded key from file
TRACE: 2021/06/25 11:58:24 sessionanduser.go:155: Server started
TRACE: 2021/06/25 11:58:24 sessionanduser.go:155: Successfully loaded key from file
TRACE: 2021/06/25 11:59:32 sessionanduser.go:155: Server started
TRACE: 2021/06/25 11:59:32 sessionanduser.go:155: Successfully loaded key from file
TRACE: 2021/06/25 12:01:40 sessionanduser.go:155: Server started
TRACE: 2021/06/25 12:01:40 sessionanduser.go:155: Successfully loaded key from file
TRACE: 2021/06/25 12:03:41 sessionanduser.go:155: Server started
TRACE: 2021/06/25 12:03:41 sessionanduser.go:155: Successfully loaded key from file
TRACE: 2021/06/25 12:03:57 sessionanduser.go:155: Server started
TRACE: 2021/06/25 12:03:57 sessionanduser.go:155: Successfully loaded key from file
TRACE: 2021/06/25 12:06:36 sessionanduser.go:155: Server started
TRACE: 2021/06/25 12:06:36 sessionanduser.go:155: Successfully loaded key from file
TRACE: 2021/06/25 12:07:22 sessionanduser.go:155: Server started
TRACE: 2021/06/25 12:07:22 sessionanduser.go:155: Successfully loaded key from file
TRACE: 2021/06/25 12:08:36 sessionanduser.go:155: Server started
TRACE: 2021/06/25 12:08:36 sessionanduser.go:155: Successfully loaded key from file
TRACE: 2021/06/25 12:09:39 sessionanduser.go:155: Server started
TRACE: 2021/06/25 12:09:39 sessionanduser.go:155: Successfully loaded key from file
TRACE: 2021/06/25 12:09:59 sessionanduser.go:155: Server started
TRACE: 2021/06/25 12:09:59 sessionanduser.go:155: Successfully loaded key from file
TRACE: 2021/06/25 12:10:31 sessionanduser.go:155: Server started
TRACE: 2021/06/25 12:10:31 sessionanduser.go:155: Successfully loaded key from file
TRACE: 2021/06/25 12:16:56 sessionanduser.go:155: Server started
TRACE: 2021/06/25 12:16:56 sessionanduser.go:155: Successfully loaded key from file
TRACE: 2021/06/25 12:17:48 sessionanduser.go:155: Server started
TRACE: 2021/06/25 12:17:48 sessionanduser.go:155: Successfully loaded key from file
TRACE: 2021/06/25 12:18:09 sessionanduser.go:155: Server started
TRACE: 2021/06/25 12:18:09 sessionanduser.go:155: Successfully loaded key from file
TRACE: 2021/06/25 13:34:05 sessionanduser.go:155: Server started
TRACE: 2021/06/25 13:34:05 sessionanduser.go:155: Successfully loaded key from file
TRACE: 2021/06/25 14:25:25 sessionanduser.go:155: Server started
TRACE: 2021/06/25 14:25:25 sessionanduser.go:155: Successfully loaded key from file
TRACE: 2021/06/25 14:26:46 sessionanduser.go:155: Server started
TRACE: 2021/06/25 14:26:46 sessionanduser.go:155: Successfully loaded key from file
TRACE: 2021/06/25 14:27:18 sessionanduser.go:155: Server started
TRACE: 2021/06/25 14:27:18 sessionanduser.go:155: Successfully loaded key from file
TRACE: 2021/06/25 14:27:47 sessionanduser.go:155: Server started
TRACE: 2021/06/25 14:27:48 sessionanduser.go:155: Successfully loaded key from file
TRACE: 2021/06/25 15:02:48 sessionanduser.go:155: None session expired
TRACE: 2021/06/25 15:11:03 sessionanduser.go:155: Server started
TRACE: 2021/06/25 15:11:03 sessionanduser.go:155: Successfully loaded key from file
TRACE: 2021/06/25 15:12:02 sessionanduser.go:155: Server started
TRACE: 2021/06/25 15:12:02 sessionanduser.go:155: Successfully loaded key from file
TRACE: 2021/06/25 15:14:36 sessionanduser.go:155: Server started
TRACE: 2021/06/25 15:14:37 sessionanduser.go:155: Successfully loaded key from file
ERROR: 2021/06/25 15:14:46 sessionanduser.go:155: Error encounted when reading datapacket: 
TRACE: 2021/06/25 15:23:19 sessionanduser.go:155: Server started
TRACE: 2021/06/25 15:23:19 sessionanduser.go:155: Successfully loaded key from file
TRACE: 2021/06/25 15:23:34 sessionanduser.go:155: Created item: 'clothing', by user: 'None' desc: 'well used clothing'
TRACE: 2021/06/25 15:31:34 sessionanduser.go:155: Server started
TRACE: 2021/06/25 15:31:34 sessionanduser.go:155: Successfully loaded key from file
ERROR: 2021/06/25 15:31:45 sessionanduser.go:155: Error encounted when reading datapacket: 
TRACE: 2021/06/25 15:32:06 sessionanduser.go:155: Server started
TRACE: 2021/06/25 15:32:06 sessionanduser.go:155: Successfully loaded key from file
TRACE: 2021/06/25 15:32:14 sessionanduser.go:155: Created item: 'clothing', by user: 'None' desc: ''
TRACE: 2021/06/25 15:34:22 sessionanduser.go:155: Server started
TRACE: 2021/06/25 15:34:23 sessionanduser.go:155: Successfully loaded key from file
TRACE: 2021/06/25 15:34:49 sessionanduser.go:155: Server started
TRACE: 2021/06/25 15:34:49 sessionanduser.go:155: Successfully loaded key from file
TRACE: 2021/06/25 15:35:28 sessionanduser.go:155: Server started
TRACE: 2021/06/25 15:35:28 sessionanduser.go:155: Successfully loaded key from file
TRACE: 2021/06/25 15:35:54 sessionanduser.go:155: Server started
TRACE: 2021/06/25 15:35:54 sessionanduser.go:155: Successfully loaded key from file
TRACE: 2021/06/25 15:37:50 sessionanduser.go:155: Server started
TRACE: 2021/06/25 15:37:50 sessionanduser.go:155: Successfully loaded key from file
TRACE: 2021/06/25 15:38:18 sessionanduser.go:155: Server started
TRACE: 2021/06/25 15:38:18 sessionanduser.go:155: Successfully loaded key from file
TRACE: 2021/06/25 15:38:29 sessionanduser.go:155: Server started
TRACE: 2021/06/25 15:38:30 sessionanduser.go:155: Successfully loaded key from file
TRACE: 2021/06/25 15:39:46 sessionanduser.go:155: Server started
TRACE: 2021/06/25 15:39:46 sessionanduser.go:155: Successfully loaded key from file
TRACE: 2021/06/25 15:40:24 sessionanduser.go:155: Server started
TRACE: 2021/06/25 15:40:24 sessionanduser.go:155: Successfully loaded key from file
TRACE: 2021/06/25 15:41:48 sessionanduser.go:155: Server started
TRACE: 2021/06/25 15:41:48 sessionanduser.go:155: Successfully loaded key from file
TRACE: 2021/06/25 15:42:42 sessionanduser.go:155: Server started
TRACE: 2021/06/25 15:42:42 sessionanduser.go:155: Successfully loaded key from file
TRACE: 2021/06/25 15:43:29 sessionanduser.go:155: Created item: 'clothing', by user: 'None' desc: 'just call me'
TRACE: 2021/06/25 15:46:06 sessionanduser.go:155: Server started
TRACE: 2021/06/25 15:46:06 sessionanduser.go:155: Successfully loaded key from file
TRACE: 2021/06/25 15:47:03 sessionanduser.go:155: Server started
TRACE: 2021/06/25 15:47:03 sessionanduser.go:155: Successfully loaded key from file
TRACE: 2021/06/25 17:01:19 sessionanduser.go:155: Server started
TRACE: 2021/06/25 17:01:19 sessionanduser.go:155: Successfully loaded key from file
TRACE: 2021/06/25 17:02:40 sessionanduser.go:155: Server started
TRACE: 2021/06/25 17:02:40 sessionanduser.go:155: Successfully loaded key from file
TRACE: 2021/06/25 18:07:36 sessionanduser.go:155: Server started
TRACE: 2021/06/25 18:07:36 sessionanduser.go:155: Successfully loaded key from file
TRACE: 2021/06/25 18:09:54 sessionanduser.go:155: Server started
TRACE: 2021/06/25 18:09:54 sessionanduser.go:155: Successfully loaded key from file
TRACE: 2021/06/25 18:12:30 sessionanduser.go:155: Server started
TRACE: 2021/06/25 18:12:30 sessionanduser.go:155: Successfully loaded key from file
TRACE: 2021/06/25 18:14:42 sessionanduser.go:155: Server started
TRACE: 2021/06/25 18:14:42 sessionanduser.go:155: Successfully loaded key from file
TRACE: 2021/06/25 18:16:35 sessionanduser.go:155: Server started
TRACE: 2021/06/25 18:16:35 sessionanduser.go:155: Successfully loaded key from file
TRACE: 2021/06/25 18:18:35 sessionanduser.go:155: Server started
TRACE: 2021/06/25 18:18:35 sessionanduser.go:155: Successfully loaded key from file
TRACE: 2021/06/25 18:22:15 sessionanduser.go:155: Server started
TRACE: 2021/06/25 18:22:15 sessionanduser.go:155: Successfully loaded key from file
TRACE: 2021/06/25 18:24:40 sessionanduser.go:155: Server started
TRACE: 2021/06/25 18:24:40 sessionanduser.go:155: Successfully loaded key from file
TRACE: 2021/06/25 18:25:50 sessionanduser.go:155: Server started
TRACE: 2021/06/25 18:25:50 sessionanduser.go:155: Successfully loaded key from file
TRACE: 2021/06/25 18:26:35 sessionanduser.go:155: Server started
TRACE: 2021/06/25 18:26:36 sessionanduser.go:155: Successfully loaded key from file
TRACE: 2021/06/25 18:31:05 sessionanduser.go:155: Server started
TRACE: 2021/06/25 18:31:05 sessionanduser.go:155: Successfully loaded key from file
TRACE: 2021/06/25 18:32:29 sessionanduser.go:155: Server started
TRACE: 2021/06/25 18:32:29 sessionanduser.go:155: Successfully loaded key from file
TRACE: 2021/06/25 18:40:03 sessionanduser.go:155: Server started
TRACE: 2021/06/25 18:40:03 sessionanduser.go:155: Successfully loaded key from file
TRACE: 2021/06/25 18:47:15 sessionanduser.go:155: Server started
TRACE: 2021/06/25 18:47:15 sessionanduser.go:155: Successfully loaded key from file
TRACE: 2021/06/25 19:04:44 sessionanduser.go:155: Server started
TRACE: 2021/06/25 19:04:44 sessionanduser.go:155: Successfully loaded key from file
TRACE: 2021/06/25 19:06:08 sessionanduser.go:155: Server started
TRACE: 2021/06/25 19:06:08 sessionanduser.go:155: Successfully loaded key from file
TRACE: 2021/06/25 19:08:02 sessionanduser.go:155: Server started
TRACE: 2021/06/25 19:08:02 sessionanduser.go:155: Successfully loaded key from file
TRACE: 2021/06/25 19:12:41 sessionanduser.go:155: Server started
TRACE: 2021/06/25 19:12:41 sessionanduser.go:155: Successfully loaded key from file
TRACE: 2021/06/25 19:13:14 sessionanduser.go:155: Server started
TRACE: 2021/06/25 19:13:14 sessionanduser.go:155: Successfully loaded key from file
TRACE: 2021/06/25 19:14:22 sessionanduser.go:155: Server started
TRACE: 2021/06/25 19:14:22 sessionanduser.go:155: Successfully loaded key from file
TRACE: 2021/06/25 19:17:38 sessionanduser.go:155: Server started
TRACE: 2021/06/25 19:17:38 sessionanduser.go:155: Successfully loaded key from file
TRACE: 2021/06/25 19:17:57 sessionanduser.go:155: Server started
TRACE: 2021/06/25 19:17:57 sessionanduser.go:155: Successfully loaded key from file
TRACE: 2021/06/25 19:18:52 sessionanduser.go:155: Server started
TRACE: 2021/06/25 19:18:52 sessionanduser.go:155: Successfully loaded key from file
TRACE: 2021/06/25 19:19:51 sessionanduser.go:155: Server started
TRACE: 2021/06/25 19:19:51 sessionanduser.go:155: Successfully loaded key from file
TRACE: 2021/06/25 19:28:29 sessionanduser.go:155: Server started
TRACE: 2021/06/25 19:28:29 sessionanduser.go:155: Successfully loaded key from file
TRACE: 2021/06/25 19:29:02 sessionanduser.go:155: Server started
TRACE: 2021/06/25 19:29:02 sessionanduser.go:155: Successfully loaded key from file
TRACE: 2021/06/25 19:33:22 sessionanduser.go:155: Server started
TRACE: 2021/06/25 19:33:22 sessionanduser.go:155: Successfully loaded key from file
TRACE: 2021/06/25 19:35:57 sessionanduser.go:155: Server started
TRACE: 2021/06/25 19:35:57 sessionanduser.go:155: Successfully loaded key from file
TRACE: 2021/06/25 19:36:38 sessionanduser.go:155: Server started
TRACE: 2021/06/25 19:36:38 sessionanduser.go:155: Successfully loaded key from file
TRACE: 2021/06/25 19:37:07 sessionanduser.go:155: Server started
TRACE: 2021/06/25 19:37:07 sessionanduser.go:155: Successfully loaded key from file
TRACE: 2021/06/25 19:42:41 sessionanduser.go:155: Server started
TRACE: 2021/06/25 19:42:41 sessionanduser.go:155: Successfully loaded key from file
TRACE: 2021/06/25 19:44:46 sessionanduser.go:155: Server started
TRACE: 2021/06/25 19:44:46 sessionanduser.go:155: Successfully loaded key from file
TRACE: 2021/06/25 19:49:38 sessionanduser.go:155: Server started
TRACE: 2021/06/25 19:49:38 sessionanduser.go:155: Successfully loaded key from file
TRACE: 2021/06/25 19:50:18 sessionanduser.go:155: Server started
TRACE: 2021/06/25 19:50:19 sessionanduser.go:155: Successfully loaded key from file
TRACE: 2021/06/25 19:52:16 sessionanduser.go:155: Server started
TRACE: 2021/06/25 19:52:16 sessionanduser.go:155: Successfully loaded key from file
TRACE: 2021/06/25 19:54:37 sessionanduser.go:155: Server started
TRACE: 2021/06/25 19:54:37 sessionanduser.go:155: Successfully loaded key from file
TRACE: 2021/06/25 19:54:59 sessionanduser.go:155: Created item: 'teddy bear', by user: 'None' desc: 'new teddy bear, didnt want it'
TRACE: 2021/06/25 19:56:09 sessionanduser.go:155: Server started
TRACE: 2021/06/25 19:56:10 sessionanduser.go:155: Successfully loaded key from file
TRACE: 2021/06/25 19:58:13 sessionanduser.go:155: Server started
TRACE: 2021/06/25 19:58:13 sessionanduser.go:155: Successfully loaded key from file
TRACE: 2021/06/25 20:01:31 sessionanduser.go:155: Server started
TRACE: 2021/06/25 20:01:31 sessionanduser.go:155: Successfully loaded key from file
TRACE: 2021/06/25 20:08:15 sessionanduser.go:155: Server started
TRACE: 2021/06/25 20:08:15 sessionanduser.go:155: Successfully loaded key from file
TRACE: 2021/06/25 20:12:06 sessionanduser.go:155: Server started
TRACE: 2021/06/25 20:12:06 sessionanduser.go:155: Successfully loaded key from file
TRACE: 2021/06/25 20:14:06 sessionanduser.go:155: Server started
TRACE: 2021/06/25 20:14:06 sessionanduser.go:155: Successfully loaded key from file
TRACE: 2021/06/25 20:15:26 sessionanduser.go:155: Server started
TRACE: 2021/06/25 20:15:26 sessionanduser.go:155: Successfully loaded key from file
TRACE: 2021/06/25 20:15:47 sessionanduser.go:155: Server started
TRACE: 2021/06/25 20:15:47 sessionanduser.go:155: Successfully loaded key from file
TRACE: 2021/06/25 20:17:10 sessionanduser.go:155: Server started
TRACE: 2021/06/25 20:17:10 sessionanduser.go:155: Successfully loaded key from file
TRACE: 2021/06/25 20:19:17 sessionanduser.go:155: Server started
TRACE: 2021/06/25 20:19:17 sessionanduser.go:155: Successfully loaded key from file
TRACE: 2021/06/25 20:20:12 sessionanduser.go:155: Server started
TRACE: 2021/06/25 20:20:12 sessionanduser.go:155: Successfully loaded key from file
TRACE: 2021/06/25 20:20:18 sessionanduser.go:155: admin logged in
TRACE: 2021/06/25 20:22:24 sessionanduser.go:155: Server started
TRACE: 2021/06/25 20:22:24 sessionanduser.go:155: Successfully loaded key from file
TRACE: 2021/06/25 20:23:20 sessionanduser.go:155: Server started
TRACE: 2021/06/25 20:23:20 sessionanduser.go:155: Successfully loaded key from file
TRACE: 2021/06/25 20:23:49 sessionanduser.go:155: Server started
TRACE: 2021/06/25 20:23:49 sessionanduser.go:155: Successfully loaded key from file
TRACE: 2021/06/25 20:30:40 sessionanduser.go:155: Server started
TRACE: 2021/06/25 20:30:40 sessionanduser.go:155: Successfully loaded key from file
TRACE: 2021/06/25 20:32:24 sessionanduser.go:155: Server started
TRACE: 2021/06/25 20:32:24 sessionanduser.go:155: Successfully loaded key from file
TRACE: 2021/06/25 20:32:53 sessionanduser.go:155: Server started
TRACE: 2021/06/25 20:32:53 sessionanduser.go:155: Successfully loaded key from file
TRACE: 2021/06/25 20:33:29 sessionanduser.go:155: Server started
TRACE: 2021/06/25 20:33:29 sessionanduser.go:155: Successfully loaded key from file
TRACE: 2021/06/25 20:34:43 sessionanduser.go:155: Server started
TRACE: 2021/06/25 20:34:43 sessionanduser.go:155: Successfully loaded key from file
TRACE: 2021/06/25 20:38:13 sessionanduser.go:155: Server started
TRACE: 2021/06/25 20:38:13 sessionanduser.go:155: Successfully loaded key from file
TRACE: 2021/06/25 20:40:03 sessionanduser.go:155: Server started
TRACE: 2021/06/25 20:40:03 sessionanduser.go:155: Successfully loaded key from file
TRACE: 2021/06/25 20:40:46 sessionanduser.go:155: Server started
TRACE: 2021/06/25 20:40:46 sessionanduser.go:155: Successfully loaded key from file
TRACE: 2021/06/25 20:41:17 sessionanduser.go:155: Server started
TRACE: 2021/06/25 20:41:17 sessionanduser.go:155: Successfully loaded key from file
TRACE: 2021/06/25 20:42:26 sessionanduser.go:155: Server started
TRACE: 2021/06/25 20:42:26 sessionanduser.go:155: Successfully loaded key from file
TRACE: 2021/06/25 20:43:14 sessionanduser.go:155: Server started
TRACE: 2021/06/25 20:43:14 sessionanduser.go:155: Successfully loaded key from file
TRACE: 2021/06/25 20:44:09 sessionanduser.go:155: Server started
TRACE: 2021/06/25 20:44:09 sessionanduser.go:155: Successfully loaded key from file
TRACE: 2021/06/25 20:45:31 sessionanduser.go:155: Server started
TRACE: 2021/06/25 20:45:31 sessionanduser.go:155: Successfully loaded key from file
TRACE: 2021/06/25 20:46:04 sessionanduser.go:155: Server started
TRACE: 2021/06/25 20:46:04 sessionanduser.go:155: Successfully loaded key from file
ERROR: 2021/06/25 20:49:26 sessionanduser.go:155: Error encounted when reading datapacket: username not found
TRACE: 2021/06/25 20:49:26 sessionanduser.go:155: admin2 is added/updated to system
TRACE: 2021/06/25 20:50:12 sessionanduser.go:155: admin2 logged in
TRACE: 2021/06/26 20:22:41 sessionanduser.go:155: Server started
TRACE: 2021/06/26 20:22:41 sessionanduser.go:155: Successfully loaded key from file
TRACE: 2021/06/26 20:35:14 sessionanduser.go:155: Server started
TRACE: 2021/06/26 20:35:14 sessionanduser.go:155: Successfully loaded key from file
TRACE: 2021/06/26 20:41:59 sessionanduser.go:155: Server started
TRACE: 2021/06/26 20:41:59 sessionanduser.go:155: Successfully loaded key from file
TRACE: 2021/06/26 20:43:17 sessionanduser.go:155: Server started
TRACE: 2021/06/26 20:43:17 sessionanduser.go:155: Successfully loaded key from file
TRACE: 2021/06/26 20:43:39 sessionanduser.go:155: Server started
TRACE: 2021/06/26 20:43:39 sessionanduser.go:155: Successfully loaded key from file
TRACE: 2021/06/26 20:44:35 sessionanduser.go:155: Server started
TRACE: 2021/06/26 20:44:35 sessionanduser.go:155: Successfully loaded key from file
TRACE: 2021/06/26 20:47:04 sessionanduser.go:155: Server started
TRACE: 2021/06/26 20:47:04 sessionanduser.go:155: Successfully loaded key from file
TRACE: 2021/06/26 21:18:28 sessionanduser.go:155: Server started
TRACE: 2021/06/26 21:18:28 sessionanduser.go:155: Successfully loaded key from file
TRACE: 2021/06/26 21:21:03 sessionanduser.go:155: Server started
TRACE: 2021/06/26 21:21:03 sessionanduser.go:155: Successfully loaded key from file
TRACE: 2021/06/26 21:21:16 sessionanduser.go:155: admin logged in
TRACE: 2021/06/26 21:34:52 sessionanduser.go:155: Server started
TRACE: 2021/06/26 21:34:52 sessionanduser.go:155: Successfully loaded key from file
TRACE: 2021/06/26 21:36:04 sessionanduser.go:155: Server started
TRACE: 2021/06/26 21:36:04 sessionanduser.go:155: Successfully loaded key from file
TRACE: 2021/06/26 21:37:03 sessionanduser.go:155: Server started
TRACE: 2021/06/26 21:37:03 sessionanduser.go:155: Successfully loaded key from file
TRACE: 2021/06/26 21:37:33 sessionanduser.go:155: Server started
TRACE: 2021/06/26 21:37:33 sessionanduser.go:155: Successfully loaded key from file
TRACE: 2021/06/26 21:37:38 sessionanduser.go:155: admin logged in
TRACE: 2021/06/26 21:39:38 sessionanduser.go:155: Server started
TRACE: 2021/06/26 21:39:38 sessionanduser.go:155: Successfully loaded key from file
TRACE: 2021/06/26 21:39:46 sessionanduser.go:155: admin logged in
TRACE: 2021/06/26 21:40:16 sessionanduser.go:155: Server started
TRACE: 2021/06/26 21:40:17 sessionanduser.go:155: Successfully loaded key from file
TRACE: 2021/06/26 21:40:21 sessionanduser.go:155: admin logged in
TRACE: 2021/06/26 21:41:09 sessionanduser.go:155: Server started
TRACE: 2021/06/26 21:41:09 sessionanduser.go:155: Successfully loaded key from file
TRACE: 2021/06/26 21:42:10 sessionanduser.go:155: Server started
TRACE: 2021/06/26 21:42:10 sessionanduser.go:155: Successfully loaded key from file
TRACE: 2021/06/26 21:42:34 sessionanduser.go:155: Server started
TRACE: 2021/06/26 21:42:34 sessionanduser.go:155: Successfully loaded key from file
TRACE: 2021/06/26 21:43:19 sessionanduser.go:155: Server started
TRACE: 2021/06/26 21:43:19 sessionanduser.go:155: Successfully loaded key from file
TRACE: 2021/06/26 21:48:18 sessionanduser.go:155: Server started
TRACE: 2021/06/26 21:48:18 sessionanduser.go:155: Successfully loaded key from file
TRACE: 2021/06/26 21:48:47 sessionanduser.go:155: Server started
TRACE: 2021/06/26 21:48:47 sessionanduser.go:155: Successfully loaded key from file
TRACE: 2021/06/26 21:49:56 sessionanduser.go:155: Server started
TRACE: 2021/06/26 21:49:56 sessionanduser.go:155: Successfully loaded key from file
TRACE: 2021/06/26 21:50:21 sessionanduser.go:155: admin2 logged in
TRACE: 2021/06/26 21:56:05 sessionanduser.go:155: Server started
TRACE: 2021/06/26 21:56:05 sessionanduser.go:155: Successfully loaded key from file
TRACE: 2021/06/26 21:56:11 sessionanduser.go:155: admin logged in
ERROR: 2021/06/26 21:56:47 sessionanduser.go:155: Error encounted when reading datapacket: 404 - No item found
TRACE: 2021/06/26 21:59:08 sessionanduser.go:155: Server started
TRACE: 2021/06/26 21:59:08 sessionanduser.go:155: Successfully loaded key from file
TRACE: 2021/06/26 21:59:34 sessionanduser.go:155: admin logged in
ERROR: 2021/06/26 21:59:54 sessionanduser.go:155: Error encounted when reading datapacket: 404 - No item found
TRACE: 2021/06/26 22:01:06 sessionanduser.go:155: Server started
TRACE: 2021/06/26 22:01:06 sessionanduser.go:155: Successfully loaded key from file
TRACE: 2021/06/26 22:01:12 sessionanduser.go:155: admin logged in
ERROR: 2021/06/26 22:01:20 sessionanduser.go:155: Error encounted when reading datapacket: 404 - No item found
TRACE: 2021/06/26 22:12:41 sessionanduser.go:155: Server started
TRACE: 2021/06/26 22:12:41 sessionanduser.go:155: Successfully loaded key from file
TRACE: 2021/06/26 22:12:46 sessionanduser.go:155: admin logged in
TRACE: 2021/06/26 22:20:19 sessionanduser.go:155: Server started
TRACE: 2021/06/26 22:20:19 sessionanduser.go:155: Successfully loaded key from file
TRACE: 2021/06/26 22:23:06 sessionanduser.go:155: Server started
TRACE: 2021/06/26 22:23:06 sessionanduser.go:155: Successfully loaded key from file
TRACE: 2021/06/26 22:48:02 sessionanduser.go:155: Server started
TRACE: 2021/06/26 22:48:02 sessionanduser.go:155: Successfully loaded key from file
TRACE: 2021/06/26 22:48:07 sessionanduser.go:155: admin logged in
TRACE: 2021/06/26 22:49:28 sessionanduser.go:155: Server started
TRACE: 2021/06/26 22:49:28 sessionanduser.go:155: Successfully loaded key from file
TRACE: 2021/06/26 22:49:48 sessionanduser.go:155: Server started
TRACE: 2021/06/26 22:49:48 sessionanduser.go:155: Successfully loaded key from file
TRACE: 2021/06/26 22:49:57 sessionanduser.go:155: admin logged in
TRACE: 2021/06/26 22:56:45 sessionanduser.go:155: Server started
TRACE: 2021/06/26 22:56:45 sessionanduser.go:155: Successfully loaded key from file
TRACE: 2021/06/26 22:56:50 sessionanduser.go:155: admin logged in
TRACE: 2021/06/26 22:57:00 sessionanduser.go:155: Server started
TRACE: 2021/06/26 22:57:00 sessionanduser.go:155: Successfully loaded key from file
ERROR: 2021/06/26 22:57:05 sessionanduser.go:155: Error encounted when reading datapacket: 402 - Invalid credentials
TRACE: 2021/06/26 22:57:05 sessionanduser.go:155: someone tried to login to: admin, but the password is wrong
TRACE: 2021/06/26 22:57:11 sessionanduser.go:155: admin logged in
TRACE: 2021/06/26 23:00:05 sessionanduser.go:155: Server started
TRACE: 2021/06/26 23:00:05 sessionanduser.go:155: Successfully loaded key from file
TRACE: 2021/06/26 23:00:14 sessionanduser.go:155: admin logged in
TRACE: 2021/06/26 23:02:37 sessionanduser.go:155: Server started
TRACE: 2021/06/26 23:02:37 sessionanduser.go:155: Successfully loaded key from file
TRACE: 2021/06/26 23:02:44 sessionanduser.go:155: admin logged in
TRACE: 2021/06/26 23:03:08 sessionanduser.go:155: Server started
TRACE: 2021/06/26 23:03:08 sessionanduser.go:155: Successfully loaded key from file
TRACE: 2021/06/26 23:03:13 sessionanduser.go:155: admin logged in
TRACE: 2021/06/26 23:38:08 sessionanduser.go:155: admin session expired
TRACE: 2021/06/27 01:08:05 sessionanduser.go:155: Server started
TRACE: 2021/06/27 01:08:05 sessionanduser.go:155: Successfully loaded key from file
ERROR: 2021/06/27 01:16:34 sessionanduser.go:155: Error encounted when reading datapacket: 404 - No item found
ERROR: 2021/06/27 01:17:12 sessionanduser.go:155: Error encounted when reading datapacket: username not found
TRACE: 2021/06/27 01:17:12 sessionanduser.go:155: john is added/updated to system
TRACE: 2021/06/27 01:17:28 sessionanduser.go:155: john logged in
TRACE: 2021/06/27 01:21:11 sessionanduser.go:155: Server started
TRACE: 2021/06/27 01:21:11 sessionanduser.go:155: Successfully loaded key from file
TRACE: 2021/06/27 01:21:20 sessionanduser.go:155: john logged in
TRACE: 2021/06/27 01:24:24 sessionanduser.go:155: Created item: 'clothing', by user: 'john' desc: 'well worn clothes'
TRACE: 2021/06/27 01:25:38 sessionanduser.go:155: Created item: 'teddy bear', by user: 'john' desc: 'worn out teddy bear'
TRACE: 2021/06/27 01:27:42 sessionanduser.go:155: Created item: 'boardgame', by user: 'john' desc: 'gloomhaven game, the board is used, have sticker all over, some cards are torn and lost'
TRACE: 2021/06/27 01:29:10 sessionanduser.go:155: Created item: 'red alert 2 game', by user: 'john' desc: 'old retro game, thinking of throwing it away'
TRACE: 2021/06/27 01:31:25 sessionanduser.go:155: Created item: 'running shoes', by user: 'john' desc: 'really old shoes, ran quite abit in it, but had an injury and decided to give it away instead of throwing it'
TRACE: 2021/06/27 01:39:44 sessionanduser.go:155: Created item: 'old gpu', by user: 'john' desc: 'gpu broken from intensive mining, gonna give it away, preferably to a recycler'
TRACE: 2021/06/27 11:21:15 sessionanduser.go:155: Server started
TRACE: 2021/06/27 11:21:15 sessionanduser.go:155: Successfully loaded key from file
TRACE: 2021/06/27 11:32:32 sessionanduser.go:155: admin logged in
TRACE: 2021/06/27 11:34:02 sessionanduser.go:155: Created item: 'sandals', by user: 'admin' desc: 'barely used sandals, did not fit my size'
TRACE: 2021/06/27 11:36:16 sessionanduser.go:155: Created item: 'training singlet ', by user: 'admin' desc: 'old torn singlet, image not of the mentioned singlet'
TRACE: 2021/06/27 11:36:18 sessionanduser.go:155: admin has logged out
TRACE: 2021/06/27 11:39:37 sessionanduser.go:155: Server started
TRACE: 2021/06/27 11:39:37 sessionanduser.go:155: Successfully loaded key from file
TRACE: 2021/06/27 11:40:12 sessionanduser.go:155: Server started
TRACE: 2021/06/27 11:40:12 sessionanduser.go:155: Successfully loaded key from file
TRACE: 2021/06/27 11:41:51 sessionanduser.go:155: Server started
TRACE: 2021/06/27 11:41:52 sessionanduser.go:155: Successfully loaded key from file
TRACE: 2021/06/27 11:42:11 sessionanduser.go:155: Server started
TRACE: 2021/06/27 11:42:11 sessionanduser.go:155: Successfully loaded key from file
TRACE: 2021/06/27 11:42:53 sessionanduser.go:155: Server started
TRACE: 2021/06/27 11:42:53 sessionanduser.go:155: Successfully loaded key from file
TRACE: 2021/06/27 11:44:24 sessionanduser.go:155: Server started
TRACE: 2021/06/27 11:44:24 sessionanduser.go:155: Successfully loaded key from file
TRACE: 2021/06/27 11:45:19 sessionanduser.go:155: Server started
TRACE: 2021/06/27 11:45:19 sessionanduser.go:155: Successfully loaded key from file
TRACE: 2021/06/27 11:45:46 sessionanduser.go:155: john logged in
TRACE: 2021/06/28 19:34:51 sessionanduser.go:155: Server started
TRACE: 2021/06/28 19:34:51 sessionanduser.go:155: Successfully loaded key from file
TRACE: 2021/06/28 19:35:10 sessionanduser.go:155: admin logged in
TRACE: 2021/06/28 19:49:04 sessionanduser.go:155: Server started
TRACE: 2021/06/28 19:49:04 sessionanduser.go:155: Successfully loaded key from file
ERROR: 2021/06/28 19:49:09 sessionanduser.go:155: Error encounted when reading datapacket: 404 - No item found
ERROR: 2021/06/28 19:49:25 sessionanduser.go:155: Error encounted when reading datapacket: 404 - No item found
TRACE: 2021/06/28 19:50:13 sessionanduser.go:155: Server started
TRACE: 2021/06/28 19:50:14 sessionanduser.go:155: Successfully loaded key from file
ERROR: 2021/06/28 19:50:26 sessionanduser.go:155: Error encounted when reading datapacket: 404 - No item found
TRACE: 2021/06/28 19:50:59 sessionanduser.go:155: Server started
TRACE: 2021/06/28 19:50:59 sessionanduser.go:155: Successfully loaded key from file
TRACE: 2021/06/28 19:51:17 sessionanduser.go:155: Server started
TRACE: 2021/06/28 19:51:18 sessionanduser.go:155: Successfully loaded key from file
ERROR: 2021/06/28 19:51:19 sessionanduser.go:155: Error encounted when reading datapacket: 404 - No item found
ERROR: 2021/06/28 19:53:59 sessionanduser.go:155: Error encounted when reading datapacket: 404 - No item found
TRACE: 2021/06/28 19:58:00 sessionanduser.go:155: john logged in
TRACE: 2021/06/28 19:58:55 sessionanduser.go:155: Server started
TRACE: 2021/06/28 19:58:55 sessionanduser.go:155: Successfully loaded key from file
TRACE: 2021/06/28 19:59:07 sessionanduser.go:155: john logged in
TRACE: 2021/06/28 20:01:20 sessionanduser.go:155: Server started
TRACE: 2021/06/28 20:01:20 sessionanduser.go:155: Successfully loaded key from file
TRACE: 2021/06/28 20:03:40 sessionanduser.go:155: Server started
TRACE: 2021/06/28 20:03:41 sessionanduser.go:155: Successfully loaded key from file
TRACE: 2021/06/28 20:03:47 sessionanduser.go:155: john logged in
TRACE: 2021/06/28 20:05:00 sessionanduser.go:155: Server started
TRACE: 2021/06/28 20:05:00 sessionanduser.go:155: Successfully loaded key from file
TRACE: 2021/06/28 20:05:05 sessionanduser.go:155: john logged in
TRACE: 2021/06/28 20:06:02 sessionanduser.go:155: Server started
TRACE: 2021/06/28 20:06:02 sessionanduser.go:155: Successfully loaded key from file
TRACE: 2021/06/28 20:06:15 sessionanduser.go:155: john logged in
TRACE: 2021/06/28 20:08:47 sessionanduser.go:155: Server started
TRACE: 2021/06/28 20:08:47 sessionanduser.go:155: Successfully loaded key from file
TRACE: 2021/06/28 20:09:05 sessionanduser.go:155: Server started
TRACE: 2021/06/28 20:09:05 sessionanduser.go:155: Successfully loaded key from file
TRACE: 2021/06/28 20:09:16 sessionanduser.go:155: john logged in
TRACE: 2021/06/28 20:10:41 sessionanduser.go:155: Server started
TRACE: 2021/06/28 20:10:41 sessionanduser.go:155: Successfully loaded key from file
TRACE: 2021/06/28 20:11:00 sessionanduser.go:155: Server started
TRACE: 2021/06/28 20:11:00 sessionanduser.go:155: Successfully loaded key from file
TRACE: 2021/06/28 20:11:45 sessionanduser.go:155: Server started
TRACE: 2021/06/28 20:11:45 sessionanduser.go:155: Successfully loaded key from file
TRACE: 2021/06/28 20:13:17 sessionanduser.go:155: Server started
TRACE: 2021/06/28 20:13:17 sessionanduser.go:155: Successfully loaded key from file
TRACE: 2021/06/28 20:16:38 sessionanduser.go:155: Server started
TRACE: 2021/06/28 20:16:38 sessionanduser.go:155: Successfully loaded key from file
TRACE: 2021/06/28 20:16:42 sessionanduser.go:155: admin logged in
TRACE: 2021/06/28 20:18:50 sessionanduser.go:155: Server started
TRACE: 2021/06/28 20:18:50 sessionanduser.go:155: Successfully loaded key from file
TRACE: 2021/06/28 20:19:53 sessionanduser.go:155: Server started
TRACE: 2021/06/28 20:19:53 sessionanduser.go:155: Successfully loaded key from file
TRACE: 2021/06/28 20:20:00 sessionanduser.go:155: admin logged in
TRACE: 2021/06/28 20:29:40 sessionanduser.go:155: Server started
TRACE: 2021/06/28 20:29:40 sessionanduser.go:155: Successfully loaded key from file
TRACE: 2021/06/28 20:29:46 sessionanduser.go:155: admin logged in
TRACE: 2021/06/28 20:31:01 sessionanduser.go:155: admin has logged out
TRACE: 2021/06/28 20:31:05 sessionanduser.go:155: john logged in
TRACE: 2021/06/28 20:31:50 sessionanduser.go:155: john has logged out
ERROR: 2021/06/28 20:32:56 sessionanduser.go:155: Error encounted when reading datapacket: username not found
TRACE: 2021/06/28 20:33:08 sessionanduser.go:155: MetalRecycler logged in
ERROR: 2021/06/28 20:38:02 sessionanduser.go:155: The HTTPS request failed with error: Post "https://localhost:5555/api/v0/db/info": stream error: stream ID 1; INTERNAL_ERROR
TRACE: 2021/06/28 20:42:43 sessionanduser.go:155: Created item: 'Old electronics', by user: 'MetalRecycler' desc: 'We recycle old computer, television, phones and other electronics, contact us if you have any unwanted items and we will help you dispose of them on your doorstep!'
TRACE: 2021/06/28 20:44:03 sessionanduser.go:155: admin logged in
TRACE: 2021/06/28 20:44:41 sessionanduser.go:155: admin has logged out
TRACE: 2021/06/28 20:44:45 sessionanduser.go:155: john logged in
TRACE: 2021/06/28 20:48:23 sessionanduser.go:155: john has logged out
TRACE: 2021/06/28 20:48:28 sessionanduser.go:155: admin logged in
TRACE: 2021/06/28 20:49:59 sessionanduser.go:155: Server started
TRACE: 2021/06/28 20:49:59 sessionanduser.go:155: Successfully loaded key from file
TRACE: 2021/06/28 20:52:37 sessionanduser.go:155: Server started
TRACE: 2021/06/28 20:52:37 sessionanduser.go:155: Successfully loaded key from file
TRACE: 2021/06/28 20:54:12 sessionanduser.go:155: Server started
TRACE: 2021/06/28 20:54:12 sessionanduser.go:155: Successfully loaded key from file
TRACE: 2021/06/28 20:55:53 sessionanduser.go:155: Server started
TRACE: 2021/06/28 20:55:53 sessionanduser.go:155: Successfully loaded key from file
TRACE: 2021/06/28 20:56:21 sessionanduser.go:155: john logged in
TRACE: 2021/06/28 20:58:52 sessionanduser.go:155: Server started
TRACE: 2021/06/28 20:58:52 sessionanduser.go:155: Successfully loaded key from file
TRACE: 2021/06/28 21:33:52 sessionanduser.go:155: None session expired
TRACE: 2021/06/29 17:07:49 sessionanduser.go:155: Server started
TRACE: 2021/06/29 17:07:49 sessionanduser.go:155: Successfully loaded key from file
TRACE: 2021/06/29 17:42:49 sessionanduser.go:155: None session expired
TRACE: 2021/06/29 20:51:13 sessionanduser.go:155: Server started
TRACE: 2021/06/29 20:51:14 sessionanduser.go:155: Successfully loaded key from file
TRACE: 2021/06/29 20:52:51 sessionanduser.go:155: Server started
TRACE: 2021/06/29 20:52:51 sessionanduser.go:155: Successfully loaded key from file
TRACE: 2021/06/29 20:57:25 sessionanduser.go:155: Server started
TRACE: 2021/06/29 20:57:25 sessionanduser.go:155: Successfully loaded key from file
TRACE: 2021/06/29 21:12:26 sessionanduser.go:155: Server started
TRACE: 2021/06/29 21:12:26 sessionanduser.go:155: Successfully loaded key from file
ERROR: 2021/06/29 21:12:33 sessionanduser.go:155: Error encounted when reading datapacket: 401 - Invalid key
TRACE: 2021/06/29 21:12:33 sessionanduser.go:155: someone tried to login to: john, but the password is wrong
ERROR: 2021/06/29 21:12:38 sessionanduser.go:155: Error encounted when reading datapacket: 401 - Invalid key
TRACE: 2021/06/29 21:12:38 sessionanduser.go:155: someone tried to login to: john, but the password is wrong
ERROR: 2021/06/29 21:12:42 sessionanduser.go:155: Error encounted when reading datapacket: 401 - Invalid key
TRACE: 2021/06/29 21:12:42 sessionanduser.go:155: someone tried to login to: admin, but the password is wrong
TRACE: 2021/06/29 21:16:21 sessionanduser.go:155: Server started
TRACE: 2021/06/29 21:16:21 sessionanduser.go:155: Successfully loaded key from file
ERROR: 2021/06/29 21:17:02 sessionanduser.go:155: Error encounted when reading datapacket: 401 - Invalid key
TRACE: 2021/06/29 21:17:02 sessionanduser.go:155: someone tried to login to: admin, but the password is wrong
ERROR: 2021/06/29 21:17:33 sessionanduser.go:155: Error encounted when reading datapacket: 401 - Invalid key
TRACE: 2021/06/29 21:17:33 sessionanduser.go:155: someone tried to login to: admin, but the password is wrong
TRACE: 2021/06/29 21:20:36 sessionanduser.go:155: Server started
TRACE: 2021/06/29 21:20:36 sessionanduser.go:155: Successfully loaded key from file
TRACE: 2021/06/29 21:20:53 sessionanduser.go:155: john logged in
TRACE: 2021/06/29 21:24:58 sessionanduser.go:155: Server started
TRACE: 2021/06/29 21:24:58 sessionanduser.go:155: Successfully loaded key from file
TRACE: 2021/06/29 21:25:09 sessionanduser.go:155: john logged in
TRACE: 2021/06/29 21:25:49 sessionanduser.go:155: Server started
TRACE: 2021/06/29 21:25:49 sessionanduser.go:155: Successfully loaded key from file
TRACE: 2021/06/29 21:26:09 sessionanduser.go:155: john logged in
TRACE: 2021/06/29 21:27:45 sessionanduser.go:155: Server started
TRACE: 2021/06/29 21:27:45 sessionanduser.go:155: Successfully loaded key from file
TRACE: 2021/06/29 21:30:51 sessionanduser.go:155: Server started
TRACE: 2021/06/29 21:30:51 sessionanduser.go:155: Successfully loaded key from file
TRACE: 2021/06/29 21:32:07 sessionanduser.go:155: Server started
TRACE: 2021/06/29 21:32:07 sessionanduser.go:155: Successfully loaded key from file
TRACE: 2021/06/29 21:32:15 sessionanduser.go:155: john logged in
TRACE: 2021/06/29 21:38:59 sessionanduser.go:155: Server started
TRACE: 2021/06/29 21:38:59 sessionanduser.go:155: Successfully loaded key from file
TRACE: 2021/06/29 21:39:07 sessionanduser.go:155: john logged in
TRACE: 2021/06/29 21:44:02 sessionanduser.go:155: Server started
TRACE: 2021/06/29 21:44:02 sessionanduser.go:155: Successfully loaded key from file
TRACE: 2021/06/29 21:44:08 sessionanduser.go:155: john logged in
TRACE: 2021/06/29 21:44:15 sessionanduser.go:155: Updated Item status for 'clothing' to completed 
TRACE: 2021/06/29 22:17:45 sessionanduser.go:155: Server started
TRACE: 2021/06/29 22:17:46 sessionanduser.go:155: Successfully loaded key from file
TRACE: 2021/06/29 22:18:02 sessionanduser.go:155: admin logged in
TRACE: 2021/06/29 22:23:37 sessionanduser.go:155: admin has logged out
TRACE: 2021/06/29 22:23:42 sessionanduser.go:155: john logged in
TRACE: 2021/06/29 22:28:19 sessionanduser.go:155: Server started
TRACE: 2021/06/29 22:28:19 sessionanduser.go:155: Successfully loaded key from file
TRACE: 2021/06/29 22:28:42 sessionanduser.go:155: john logged in
TRACE: 2021/06/29 22:28:48 sessionanduser.go:155: john has logged out
TRACE: 2021/06/29 22:28:52 sessionanduser.go:155: john logged in
TRACE: 2021/06/29 23:03:19 sessionanduser.go:155: None session expired
TRACE: 2021/06/29 23:08:19 sessionanduser.go:155: john session expired
TRACE: 2021/06/29 23:08:19 sessionanduser.go:155: None session expired
TRACE: 2021/06/29 23:43:45 sessionanduser.go:155: someone tried to use john to sign up, but it was used
TRACE: 2021/06/29 23:43:50 sessionanduser.go:155: someone tried to use admin to sign up, but it was used
ERROR: 2021/06/29 23:43:59 sessionanduser.go:155: Error encounted when reading datapacket: username not found
ERROR: 2021/06/29 23:43:59 sessionanduser.go:155: Error encounted when reading datapacket: 401 - Invalid key
TRACE: 2021/06/29 23:48:21 sessionanduser.go:155: Server started
TRACE: 2021/06/29 23:48:21 sessionanduser.go:155: Successfully loaded key from file
ERROR: 2021/06/29 23:48:32 sessionanduser.go:155: Error encounted when reading datapacket: username not found
TRACE: 2021/06/29 23:48:38 sessionanduser.go:155: Darren logged in
TRACE: 2021/06/29 23:50:06 sessionanduser.go:155: Created item: 'Old newspaper', by user: 'Darren' desc: 'a huge pile of old newspaper'
TRACE: 2021/06/29 23:52:50 sessionanduser.go:155: Created item: 'old magazine', by user: 'Darren' desc: 'lots of old magazines'
TRACE: 2021/06/29 23:53:10 sessionanduser.go:155: Darren has logged out
TRACE: 2021/06/30 00:23:24 sessionanduser.go:155: None session expired
TRACE: 2021/06/30 00:23:24 sessionanduser.go:155: None session expired
TRACE: 2021/06/30 00:23:24 sessionanduser.go:155: None session expired
